<?xml version="1.0" encoding="utf-8"?><testsuites name="pytest tests"><testsuite name="pytest" errors="0" failures="0" skipped="0" tests="24" time="14.365" timestamp="2026-02-16T23:40:20.638289+00:00" hostname="agent-env-7488df5b-fc4d-427f-a910-21c8fa54c932"><testcase classname="backend.tests.test_callbacks_and_alerts.TestAPIHealth" name="test_api_root" time="0.275" /><testcase classname="backend.tests.test_callbacks_and_alerts.TestAuth" name="test_admin_login_success" time="0.435" /><testcase classname="backend.tests.test_callbacks_and_alerts.TestAuth" name="test_invalid_login" time="0.163" /><testcase classname="backend.tests.test_callbacks_and_alerts.TestCallbackRequests" name="test_create_callback_counsellor" time="0.679" /><testcase classname="backend.tests.test_callbacks_and_alerts.TestCallbackRequests" name="test_create_callback_peer" time="0.676" /><testcase classname="backend.tests.test_callbacks_and_alerts.TestCallbackRequests" name="test_create_callback_invalid_type" time="0.523" /><testcase classname="backend.tests.test_callbacks_and_alerts.TestCallbackRequests" name="test_get_callbacks_requires_auth" time="0.489" /><testcase classname="backend.tests.test_callbacks_and_alerts.TestCallbackRequests" name="test_get_callbacks_authenticated" time="0.483" /><testcase classname="backend.tests.test_callbacks_and_alerts.TestCallbackRequests" name="test_callback_take_control" time="0.714" /><testcase classname="backend.tests.test_callbacks_and_alerts.TestCallbackRequests" name="test_callback_release" time="0.774" /><testcase classname="backend.tests.test_callbacks_and_alerts.TestCallbackRequests" name="test_callback_complete" time="0.936" /><testcase classname="backend.tests.test_callbacks_and_alerts.TestPanicAlerts" name="test_create_panic_alert" time="0.592" /><testcase classname="backend.tests.test_callbacks_and_alerts.TestPanicAlerts" name="test_create_panic_alert_anonymous" time="0.565" /><testcase classname="backend.tests.test_callbacks_and_alerts.TestPanicAlerts" name="test_get_panic_alerts_requires_auth" time="0.523" /><testcase classname="backend.tests.test_callbacks_and_alerts.TestPanicAlerts" name="test_get_panic_alerts_authenticated" time="0.547" /><testcase classname="backend.tests.test_callbacks_and_alerts.TestPanicAlerts" name="test_acknowledge_panic_alert" time="0.782" /><testcase classname="backend.tests.test_callbacks_and_alerts.TestPanicAlerts" name="test_resolve_panic_alert" time="0.671" /><testcase classname="backend.tests.test_callbacks_and_alerts.TestAdminStatusManagement" name="test_admin_update_counsellor_status" time="1.271" /><testcase classname="backend.tests.test_callbacks_and_alerts.TestAdminStatusManagement" name="test_admin_update_peer_status" time="1.030" /><testcase classname="backend.tests.test_callbacks_and_alerts.TestAdminStatusManagement" name="test_admin_status_requires_auth" time="0.833" /><testcase classname="backend.tests.test_callbacks_and_alerts.TestAdminStatusManagement" name="test_admin_status_invalid_status" time="0.797" /><testcase classname="backend.tests.test_callbacks_and_alerts.TestCounsellorEndpoints" name="test_get_counsellors" time="0.160" /><testcase classname="backend.tests.test_callbacks_and_alerts.TestCounsellorEndpoints" name="test_get_available_counsellors" time="0.171" /><testcase classname="backend.tests.test_callbacks_and_alerts.TestPeerSupporterEndpoints" name="test_get_peer_supporters" time="0.186" /></testsuite></testsuites>