<?xml version="1.0" encoding="utf-8"?><testsuites name="pytest tests"><testsuite name="pytest" errors="0" failures="0" skipped="1" tests="23" time="7.043" timestamp="2026-02-22T02:04:07.640807+00:00" hostname="agent-env-e7047f27-1f92-425f-bdac-6339f0abc3bf"><testcase classname="backend.tests.test_comprehensive_api.TestAuthEndpoints" name="test_login_admin_success" time="0.517" /><testcase classname="backend.tests.test_comprehensive_api.TestAuthEndpoints" name="test_login_staff_success" time="0.373" /><testcase classname="backend.tests.test_comprehensive_api.TestAuthEndpoints" name="test_login_invalid_credentials" time="0.134" /><testcase classname="backend.tests.test_comprehensive_api.TestAuthEndpoints" name="test_get_me_with_token" time="0.495" /><testcase classname="backend.tests.test_comprehensive_api.TestCMSEndpoints" name="test_get_cms_pages_list" time="0.125" /><testcase classname="backend.tests.test_comprehensive_api.TestCMSEndpoints" name="test_get_home_page_with_sections" time="0.116" /><testcase classname="backend.tests.test_comprehensive_api.TestCMSEndpoints" name="test_get_cms_sections_for_page" time="0.111" /><testcase classname="backend.tests.test_comprehensive_api.TestCMSEndpoints" name="test_cms_sections_reorder_endpoint_exists" time="0.571" /><testcase classname="backend.tests.test_comprehensive_api.TestBuddyFinderEndpoints" name="test_get_buddy_profiles_list" time="0.125" /><testcase classname="backend.tests.test_comprehensive_api.TestBuddyFinderEndpoints" name="test_get_buddy_inbox_structure" time="0.469" /><testcase classname="backend.tests.test_comprehensive_api.TestBuddyFinderEndpoints" name="test_get_regions_endpoint" time="0.116" /><testcase classname="backend.tests.test_comprehensive_api.TestBuddyFinderEndpoints" name="test_get_branches_endpoint" time="0.172" /><testcase classname="backend.tests.test_comprehensive_api.TestShiftsEndpoints" name="test_get_shifts_list" time="0.605" /><testcase classname="backend.tests.test_comprehensive_api.TestShiftsEndpoints" name="test_get_today_shifts" time="0.463" /><testcase classname="backend.tests.test_comprehensive_api.TestShiftsEndpoints" name="test_shift_crud_operations" time="0.704" /><testcase classname="backend.tests.test_comprehensive_api.TestAIBuddiesEndpoints" name="test_get_ai_characters_list" time="0.157" /><testcase classname="backend.tests.test_comprehensive_api.TestAIBuddiesEndpoints" name="test_hugo_character_recognized" time="0.117" /><testcase classname="backend.tests.test_comprehensive_api.TestAIBuddiesEndpoints" name="test_hugo_chat_if_enabled" time="0.176"><skipped type="pytest.skip" message="Server gateway error: 520">/app/backend/tests/test_comprehensive_api.py:361: Server gateway error: 520</skipped></testcase><testcase classname="backend.tests.test_comprehensive_api.TestCallLogsEndpoints" name="test_get_call_logs_metrics" time="0.479" /><testcase classname="backend.tests.test_comprehensive_api.TestCallLogsEndpoints" name="test_call_logs_day_filter" time="0.529" /><testcase classname="backend.tests.test_comprehensive_api.TestCallLogsEndpoints" name="test_post_call_intent_public" time="0.112" /><testcase classname="backend.tests.test_comprehensive_api.TestHealthAndStatus" name="test_api_health" time="0.124" /><testcase classname="backend.tests.test_comprehensive_api.TestHealthAndStatus" name="test_auth_endpoint_available" time="0.145" /></testsuite></testsuites>