<?xml version="1.0" encoding="utf-8"?><testsuites name="pytest tests"><testsuite name="pytest" errors="0" failures="3" skipped="0" tests="20" time="3.665" timestamp="2026-02-22T04:33:03.707086+00:00" hostname="agent-env-43c69e75-fd0a-4cf4-8743-3c06ea6bd15a"><testcase classname="backend.tests.test_p0_p1_features.TestKnowledgeBaseRAG" name="test_get_categories" time="0.251" /><testcase classname="backend.tests.test_p0_p1_features.TestKnowledgeBaseRAG" name="test_search_knowledge_base" time="0.132" /><testcase classname="backend.tests.test_p0_p1_features.TestKnowledgeBaseRAG" name="test_get_context_for_ai" time="0.133" /><testcase classname="backend.tests.test_p0_p1_features.TestKnowledgeBaseRAG" name="test_knowledge_base_stats" time="0.109" /><testcase classname="backend.tests.test_p0_p1_features.TestAIFeedbackSystem" name="test_get_feedback_summary" time="0.118" /><testcase classname="backend.tests.test_p0_p1_features.TestAIFeedbackSystem" name="test_submit_thumbs_feedback" time="0.144" /><testcase classname="backend.tests.test_p0_p1_features.TestAIFeedbackSystem" name="test_get_character_feedback" time="0.116" /><testcase classname="backend.tests.test_p0_p1_features.TestAIFeedbackSystem" name="test_get_improvement_suggestions" time="0.114" /><testcase classname="backend.tests.test_p0_p1_features.TestMessageQueue" name="test_get_queue_stats" time="0.214" /><testcase classname="backend.tests.test_p0_p1_features.TestMessageQueue" name="test_mark_user_online" time="0.100" /><testcase classname="backend.tests.test_p0_p1_features.TestMessageQueue" name="test_mark_user_offline" time="0.158" /><testcase classname="backend.tests.test_p0_p1_features.TestMessageQueue" name="test_queue_message" time="0.139" /><testcase classname="backend.tests.test_p0_p1_features.TestMessageQueue" name="test_get_pending_messages" time="0.133" /><testcase classname="backend.tests.test_p0_p1_features.TestOrganizationsRouter" name="test_get_organizations" time="0.120" /><testcase classname="backend.tests.test_p0_p1_features.TestResourcesRouter" name="test_get_resources" time="0.118" /><testcase classname="backend.tests.test_p0_p1_features.TestExistingEndpoints" name="test_cms_pages" time="0.112" /><testcase classname="backend.tests.test_p0_p1_features.TestExistingEndpoints" name="test_auth_login" time="0.331" /><testcase classname="backend.tests.test_p0_p1_features.TestPushTokenEndpoint" name="test_push_token_requires_auth" time="0.105"><failure message="AssertionError: Expected 401/403 without auth, got 404&#10;assert 404 in [401, 403]&#10; +  where 404 = &lt;Response [404]&gt;.status_code">backend/tests/test_p0_p1_features.py:335: in test_push_token_requires_auth
    assert response.status_code in [401, 403], f"Expected 401/403 without auth, got {response.status_code}"
E   AssertionError: Expected 401/403 without auth, got 404
E   assert 404 in [401, 403]
E    +  where 404 = &lt;Response [404]&gt;.status_code</failure></testcase><testcase classname="backend.tests.test_p0_p1_features.TestPushTokenEndpoint" name="test_register_push_token" time="0.479"><failure message="AssertionError: Expected 200, got 404&#10;assert 404 == 200&#10; +  where 404 = &lt;Response [404]&gt;.status_code">backend/tests/test_p0_p1_features.py:350: in test_register_push_token
    assert response.status_code == 200, f"Expected 200, got {response.status_code}"
E   AssertionError: Expected 200, got 404
E   assert 404 == 200
E    +  where 404 = &lt;Response [404]&gt;.status_code</failure></testcase><testcase classname="backend.tests.test_p0_p1_features.TestPushTokenEndpoint" name="test_delete_push_token" time="0.426"><failure message="AssertionError: Expected 200, got 404&#10;assert 404 == 200&#10; +  where 404 = &lt;Response [404]&gt;.status_code">backend/tests/test_p0_p1_features.py:364: in test_delete_push_token
    assert response.status_code == 200, f"Expected 200, got {response.status_code}"
E   AssertionError: Expected 200, got 404
E   assert 404 == 200
E    +  where 404 = &lt;Response [404]&gt;.status_code</failure></testcase></testsuite></testsuites>