<?xml version="1.0" encoding="utf-8"?><testsuites name="pytest tests"><testsuite name="pytest" errors="0" failures="0" skipped="0" tests="17" time="7.020" timestamp="2026-02-22T01:33:18.808266+00:00" hostname="agent-env-e7047f27-1f92-425f-bdac-6339f0abc3bf"><testcase classname="backend.tests.test_cms_inbox_calllogs.TestAPIHealth" name="test_api_root" time="0.288" /><testcase classname="backend.tests.test_cms_inbox_calllogs.TestCMSPagesPublic" name="test_get_cms_pages_list" time="0.185" /><testcase classname="backend.tests.test_cms_inbox_calllogs.TestCMSPagesPublic" name="test_get_cms_page_veteran_support_app" time="0.267" /><testcase classname="backend.tests.test_cms_inbox_calllogs.TestCMSAdminEndpoints" name="test_get_all_cms_pages_admin" time="0.509" /><testcase classname="backend.tests.test_cms_inbox_calllogs.TestCMSAdminEndpoints" name="test_create_cms_section_requires_auth" time="0.115" /><testcase classname="backend.tests.test_cms_inbox_calllogs.TestCMSAdminEndpoints" name="test_create_cms_section_with_auth" time="0.897" /><testcase classname="backend.tests.test_cms_inbox_calllogs.TestCMSAdminEndpoints" name="test_create_cms_card_requires_auth" time="0.113" /><testcase classname="backend.tests.test_cms_inbox_calllogs.TestCMSAdminEndpoints" name="test_create_cms_card_with_auth" time="1.231" /><testcase classname="backend.tests.test_cms_inbox_calllogs.TestBuddyFinderInbox" name="test_inbox_requires_auth" time="0.150" /><testcase classname="backend.tests.test_cms_inbox_calllogs.TestBuddyFinderInbox" name="test_inbox_with_staff_token" time="0.573" /><testcase classname="backend.tests.test_cms_inbox_calllogs.TestBuddyFinderInbox" name="test_inbox_with_admin_token" time="0.489" /><testcase classname="backend.tests.test_cms_inbox_calllogs.TestCallLogs" name="test_post_call_log_public" time="0.145" /><testcase classname="backend.tests.test_cms_inbox_calllogs.TestCallLogs" name="test_get_call_logs_requires_admin" time="0.115" /><testcase classname="backend.tests.test_cms_inbox_calllogs.TestCallLogs" name="test_get_call_logs_with_admin" time="0.500" /><testcase classname="backend.tests.test_cms_inbox_calllogs.TestCallLogs" name="test_get_call_logs_with_filters" time="0.673" /><testcase classname="backend.tests.test_cms_inbox_calllogs.TestCMSSectionsGet" name="test_get_sections_for_page" time="0.274" /><testcase classname="backend.tests.test_cms_inbox_calllogs.TestCMSCardsGet" name="test_get_cards_for_section" time="0.396" /></testsuite></testsuites>