<?xml version="1.0" encoding="utf-8"?><testsuites name="pytest tests"><testsuite name="pytest" errors="0" failures="0" skipped="0" tests="12" time="2.818" timestamp="2026-02-23T18:44:40.427055+00:00" hostname="agent-env-0feaa8b5-8452-4c8a-af89-5e4e41130c72"><testcase classname="tests.test_iteration_15.TestAdminPasswordReset" name="test_reset_admin_password" time="0.456" /><testcase classname="tests.test_iteration_15.TestAuthentication" name="test_login_success" time="0.346" /><testcase classname="tests.test_iteration_15.TestAuthentication" name="test_login_invalid_credentials" time="0.168" /><testcase classname="tests.test_iteration_15.TestProtectedEndpoints" name="test_get_users_authenticated" time="0.500" /><testcase classname="tests.test_iteration_15.TestProtectedEndpoints" name="test_get_users_unauthenticated" time="0.139" /><testcase classname="tests.test_iteration_15.TestAIBuddiesEndpoint" name="test_get_ai_characters" time="0.188" /><testcase classname="tests.test_iteration_15.TestAIBuddiesEndpoint" name="test_ai_characters_tommy_details" time="0.130" /><testcase classname="tests.test_iteration_15.TestAIBuddiesEndpoint" name="test_ai_characters_doris_details" time="0.119" /><testcase classname="tests.test_iteration_15.TestCMSEndpoints" name="test_get_cms_pages_home" time="0.228" /><testcase classname="tests.test_iteration_15.TestCMSEndpoints" name="test_get_cms_pages_list" time="0.160" /><testcase classname="tests.test_iteration_15.TestHealthAndBasicEndpoints" name="test_organizations_endpoint" time="0.143" /><testcase classname="tests.test_iteration_15.TestHealthAndBasicEndpoints" name="test_resources_endpoint" time="0.171" /></testsuite></testsuites>