<?xml version="1.0" encoding="utf-8"?><testsuites name="pytest tests"><testsuite name="pytest" errors="0" failures="0" skipped="0" tests="16" time="22.004" timestamp="2026-02-18T10:11:01.141682+00:00" hostname="agent-env-8d9e5f7d-cca6-41f9-8f3b-03ba1e466601"><testcase classname="test_live_chat_and_safeguarding_v2.TestLiveChatAPI" name="test_create_live_chat_room" time="0.141" /><testcase classname="test_live_chat_and_safeguarding_v2.TestLiveChatAPI" name="test_get_messages_from_room" time="0.202" /><testcase classname="test_live_chat_and_safeguarding_v2.TestLiveChatAPI" name="test_send_message_to_room" time="0.348" /><testcase classname="test_live_chat_and_safeguarding_v2.TestLiveChatAPI" name="test_end_chat_room" time="0.329" /><testcase classname="test_live_chat_and_safeguarding_v2.TestLiveChatAPI" name="test_get_nonexistent_room" time="0.096" /><testcase classname="test_live_chat_and_safeguarding_v2.TestSafeguardingThresholds" name="test_green_level_normal_message" time="1.240" /><testcase classname="test_live_chat_and_safeguarding_v2.TestSafeguardingThresholds" name="test_amber_level_no_modal_trigger" time="1.729" /><testcase classname="test_live_chat_and_safeguarding_v2.TestSafeguardingThresholds" name="test_amber_level_higher_score_no_modal" time="4.450" /><testcase classname="test_live_chat_and_safeguarding_v2.TestSafeguardingThresholds" name="test_red_level_explicit_suicide" time="3.879" /><testcase classname="test_live_chat_and_safeguarding_v2.TestSafeguardingThresholds" name="test_red_level_want_to_die" time="1.831" /><testcase classname="test_live_chat_and_safeguarding_v2.TestSafeguardingThresholds" name="test_red_level_end_it_all" time="1.343" /><testcase classname="test_live_chat_and_safeguarding_v2.TestSafeguardingThresholds" name="test_red_level_kill_myself" time="1.651" /><testcase classname="test_live_chat_and_safeguarding_v2.TestSafeguardingThresholds" name="test_modal_not_triggered_for_isolation_alone" time="1.762" /><testcase classname="test_live_chat_and_safeguarding_v2.TestSafeguardingThresholds" name="test_threshold_score_80_is_amber" time="1.973" /><testcase classname="test_live_chat_and_safeguarding_v2.TestLiveChatIntegration" name="test_staff_can_view_active_rooms" time="0.469" /><testcase classname="test_live_chat_and_safeguarding_v2.TestLiveChatIntegration" name="test_full_chat_flow" time="0.496" /></testsuite></testsuites>