<?xml version="1.0" encoding="utf-8"?><testsuites name="pytest tests"><testsuite name="pytest" errors="0" failures="1" skipped="0" tests="20" time="16.929" timestamp="2026-03-03T21:27:50.103494+00:00" hostname="agent-env-8218bc6e-706f-49c6-9bda-20ab5f7562e6"><testcase classname="backend.tests.test_supervisor_features.TestHealthCheck" name="test_api_health" time="0.269"><failure message="AssertionError: API health check failed: {&quot;detail&quot;:&quot;Not Found&quot;}&#10;assert 404 == 200&#10; +  where 404 = &lt;Response [404]&gt;.status_code">backend/tests/test_supervisor_features.py:34: in test_api_health
    assert response.status_code == 200, f"API health check failed: {response.text}"
E   AssertionError: API health check failed: {"detail":"Not Found"}
E   assert 404 == 200
E    +  where 404 = &lt;Response [404]&gt;.status_code</failure></testcase><testcase classname="backend.tests.test_supervisor_features.TestAdminLogin" name="test_admin_login" time="0.455" /><testcase classname="backend.tests.test_supervisor_features.TestSupervisorUserCreation" name="test_create_supervisor_user" time="0.725" /><testcase classname="backend.tests.test_supervisor_features.TestSupervisorUserCreation" name="test_supervisor_role_pattern_validation" time="0.754" /><testcase classname="backend.tests.test_supervisor_features.TestSupervisorLogin" name="test_create_and_login_supervisor" time="1.059" /><testcase classname="backend.tests.test_supervisor_features.TestExistingSupervisorLogin" name="test_existing_supervisor_login" time="0.375" /><testcase classname="backend.tests.test_supervisor_features.TestSupervisionTeam" name="test_supervisor_can_view_team" time="0.867" /><testcase classname="backend.tests.test_supervisor_features.TestSupervisionTeam" name="test_admin_can_view_team" time="0.456" /><testcase classname="backend.tests.test_supervisor_features.TestSupervisionTeam" name="test_non_supervisor_cannot_view_team" time="0.618" /><testcase classname="backend.tests.test_supervisor_features.TestSupervisionNotes" name="test_supervisor_can_create_supervision_note" time="0.818" /><testcase classname="backend.tests.test_supervisor_features.TestSupervisionNotes" name="test_supervisor_can_view_supervision_notes" time="0.912" /><testcase classname="backend.tests.test_supervisor_features.TestSupervisionNotes" name="test_admin_can_view_all_supervision_notes" time="0.486" /><testcase classname="backend.tests.test_supervisor_features.TestSupervisionNotes" name="test_supervision_note_with_staff_filter" time="0.839" /><testcase classname="backend.tests.test_supervisor_features.TestEscalations" name="test_counsellor_can_create_escalation" time="0.798" /><testcase classname="backend.tests.test_supervisor_features.TestEscalations" name="test_supervisor_can_view_escalations" time="0.816" /><testcase classname="backend.tests.test_supervisor_features.TestEscalations" name="test_supervisor_can_acknowledge_escalation" time="1.763" /><testcase classname="backend.tests.test_supervisor_features.TestEscalations" name="test_supervisor_can_resolve_escalation" time="1.423" /><testcase classname="backend.tests.test_supervisor_features.TestEscalations" name="test_counsellor_sees_only_own_escalations" time="0.812" /><testcase classname="backend.tests.test_supervisor_features.TestAccessControl" name="test_supervisor_cannot_create_escalation" time="1.204" /><testcase classname="backend.tests.test_supervisor_features.TestAccessControl" name="test_counsellor_cannot_acknowledge_escalation" time="1.303" /></testsuite></testsuites>