<?xml version="1.0" encoding="utf-8"?><testsuites name="pytest tests"><testsuite name="pytest" errors="0" failures="0" skipped="0" tests="15" time="4.705" timestamp="2026-02-18T15:55:13.120536+00:00" hostname="agent-env-e80d002a-a63c-4f2d-900a-12de4bfd128e"><testcase classname="backend.tests.test_live_chat_close_button.TestLiveChatRoomCreation" name="test_create_room_success" time="0.173" /><testcase classname="backend.tests.test_live_chat_close_button.TestLiveChatRoomCreation" name="test_create_room_with_peer_type" time="0.168" /><testcase classname="backend.tests.test_live_chat_close_button.TestLiveChatRoomCreation" name="test_create_room_with_any_type" time="0.117" /><testcase classname="backend.tests.test_live_chat_close_button.TestLiveChatRoomInfo" name="test_get_room_info" time="0.205" /><testcase classname="backend.tests.test_live_chat_close_button.TestLiveChatRoomInfo" name="test_get_room_not_found" time="0.141" /><testcase classname="backend.tests.test_live_chat_close_button.TestStaffJoinChat" name="test_staff_join_chat_success" time="0.633" /><testcase classname="backend.tests.test_live_chat_close_button.TestStaffJoinChat" name="test_staff_join_requires_auth" time="0.293" /><testcase classname="backend.tests.test_live_chat_close_button.TestMessageSending" name="test_send_user_message" time="0.206" /><testcase classname="backend.tests.test_live_chat_close_button.TestMessageSending" name="test_send_staff_message" time="0.268" /><testcase classname="backend.tests.test_live_chat_close_button.TestMessageRetrieval" name="test_get_messages_empty" time="0.238" /><testcase classname="backend.tests.test_live_chat_close_button.TestMessageRetrieval" name="test_get_messages_after_sending" time="0.319" /><testcase classname="backend.tests.test_live_chat_close_button.TestEndChat" name="test_end_chat_success" time="0.329" /><testcase classname="backend.tests.test_live_chat_close_button.TestEndChat" name="test_end_chat_with_messages" time="0.335" /><testcase classname="backend.tests.test_live_chat_close_button.TestEndChat" name="test_double_end_chat" time="0.334" /><testcase classname="backend.tests.test_live_chat_close_button.TestFullChatFlow" name="test_complete_chat_flow" time="0.876" /></testsuite></testsuites>