<?xml version="1.0" encoding="utf-8"?><testsuites name="pytest tests"><testsuite name="pytest" errors="0" failures="0" skipped="0" tests="20" time="30.219" timestamp="2026-02-16T10:01:00.499857+00:00" hostname="agent-env-5ca667c2-67d6-48dd-b4f9-48fec7a33398"><testcase classname="test_veterans_admin.TestHealthAndBasics" name="test_api_root" time="0.620" /><testcase classname="test_veterans_admin.TestAdminLogin" name="test_admin_login_success" time="1.423" /><testcase classname="test_veterans_admin.TestAdminLogin" name="test_admin_login_invalid_password" time="0.658" /><testcase classname="test_veterans_admin.TestAdminLogin" name="test_login_invalid_email" time="0.658" /><testcase classname="test_veterans_admin.TestUserManagement" name="test_get_all_users" time="1.114" /><testcase classname="test_veterans_admin.TestUserManagement" name="test_get_users_unauthorized" time="1.389" /><testcase classname="test_veterans_admin.TestCMSContent" name="test_get_all_content_public" time="0.764" /><testcase classname="test_veterans_admin.TestCMSContent" name="test_seed_default_content" time="1.397" /><testcase classname="test_veterans_admin.TestCMSContent" name="test_get_content_after_seed" time="1.256" /><testcase classname="test_veterans_admin.TestCMSContent" name="test_update_content_admin" time="3.063" /><testcase classname="test_veterans_admin.TestPasswordReset" name="test_forgot_password_existing_user" time="0.096" /><testcase classname="test_veterans_admin.TestPasswordReset" name="test_forgot_password_nonexistent_email" time="0.098" /><testcase classname="test_veterans_admin.TestCounsellors" name="test_get_counsellors_public" time="0.735" /><testcase classname="test_veterans_admin.TestCounsellors" name="test_create_counsellor_admin" time="1.142" /><testcase classname="test_veterans_admin.TestCounsellors" name="test_delete_counsellor_admin" time="2.706" /><testcase classname="test_veterans_admin.TestPeerSupporters" name="test_get_peer_supporters_public" time="1.068" /><testcase classname="test_veterans_admin.TestPeerSupporters" name="test_create_peer_supporter_admin" time="1.654" /><testcase classname="test_veterans_admin.TestPeerSupporters" name="test_delete_peer_supporter_admin" time="2.926" /><testcase classname="test_veterans_admin.TestCleanup" name="test_cleanup_test_counsellors" time="2.448" /><testcase classname="test_veterans_admin.TestCleanup" name="test_cleanup_test_peers" time="4.930" /></testsuite></testsuites>