<?xml version="1.0" encoding="utf-8"?><testsuites name="pytest tests"><testsuite name="pytest" errors="0" failures="1" skipped="0" tests="16" time="22.386" timestamp="2026-02-18T10:10:05.198979+00:00" hostname="agent-env-8d9e5f7d-cca6-41f9-8f3b-03ba1e466601"><testcase classname="test_live_chat_and_safeguarding_v2.TestLiveChatAPI" name="test_create_live_chat_room" time="0.219" /><testcase classname="test_live_chat_and_safeguarding_v2.TestLiveChatAPI" name="test_get_messages_from_room" time="0.212" /><testcase classname="test_live_chat_and_safeguarding_v2.TestLiveChatAPI" name="test_send_message_to_room" time="0.344" /><testcase classname="test_live_chat_and_safeguarding_v2.TestLiveChatAPI" name="test_end_chat_room" time="0.253" /><testcase classname="test_live_chat_and_safeguarding_v2.TestLiveChatAPI" name="test_get_nonexistent_room" time="0.139" /><testcase classname="test_live_chat_and_safeguarding_v2.TestSafeguardingThresholds" name="test_green_level_normal_message" time="1.438" /><testcase classname="test_live_chat_and_safeguarding_v2.TestSafeguardingThresholds" name="test_amber_level_no_modal_trigger" time="1.673"><failure message="AssertionError: AMBER/YELLOW level should NOT trigger modal&#10;assert True == False">test_live_chat_and_safeguarding_v2.py:194: in test_amber_level_no_modal_trigger
    assert data["safeguardingTriggered"] == False, "AMBER/YELLOW level should NOT trigger modal"
E   AssertionError: AMBER/YELLOW level should NOT trigger modal
E   assert True == False</failure></testcase><testcase classname="test_live_chat_and_safeguarding_v2.TestSafeguardingThresholds" name="test_amber_level_higher_score_no_modal" time="4.875" /><testcase classname="test_live_chat_and_safeguarding_v2.TestSafeguardingThresholds" name="test_red_level_explicit_suicide" time="2.461" /><testcase classname="test_live_chat_and_safeguarding_v2.TestSafeguardingThresholds" name="test_red_level_want_to_die" time="2.902" /><testcase classname="test_live_chat_and_safeguarding_v2.TestSafeguardingThresholds" name="test_red_level_end_it_all" time="1.307" /><testcase classname="test_live_chat_and_safeguarding_v2.TestSafeguardingThresholds" name="test_red_level_kill_myself" time="1.486" /><testcase classname="test_live_chat_and_safeguarding_v2.TestSafeguardingThresholds" name="test_modal_not_triggered_for_isolation_alone" time="2.355" /><testcase classname="test_live_chat_and_safeguarding_v2.TestSafeguardingThresholds" name="test_threshold_score_80_is_amber" time="1.722" /><testcase classname="test_live_chat_and_safeguarding_v2.TestLiveChatIntegration" name="test_staff_can_view_active_rooms" time="0.419" /><testcase classname="test_live_chat_and_safeguarding_v2.TestLiveChatIntegration" name="test_full_chat_flow" time="0.492" /></testsuite></testsuites>