<?xml version="1.0" encoding="utf-8"?><testsuites name="pytest tests"><testsuite name="pytest" errors="0" failures="0" skipped="3" tests="20" time="2.344" timestamp="2026-02-22T04:33:48.335909+00:00" hostname="agent-env-43c69e75-fd0a-4cf4-8743-3c06ea6bd15a"><testcase classname="backend.tests.test_p0_p1_features.TestKnowledgeBaseRAG" name="test_get_categories" time="0.167" /><testcase classname="backend.tests.test_p0_p1_features.TestKnowledgeBaseRAG" name="test_search_knowledge_base" time="0.134" /><testcase classname="backend.tests.test_p0_p1_features.TestKnowledgeBaseRAG" name="test_get_context_for_ai" time="0.108" /><testcase classname="backend.tests.test_p0_p1_features.TestKnowledgeBaseRAG" name="test_knowledge_base_stats" time="0.118" /><testcase classname="backend.tests.test_p0_p1_features.TestAIFeedbackSystem" name="test_get_feedback_summary" time="0.112" /><testcase classname="backend.tests.test_p0_p1_features.TestAIFeedbackSystem" name="test_submit_thumbs_feedback" time="0.103" /><testcase classname="backend.tests.test_p0_p1_features.TestAIFeedbackSystem" name="test_get_character_feedback" time="0.132" /><testcase classname="backend.tests.test_p0_p1_features.TestAIFeedbackSystem" name="test_get_improvement_suggestions" time="0.116" /><testcase classname="backend.tests.test_p0_p1_features.TestMessageQueue" name="test_get_queue_stats" time="0.115" /><testcase classname="backend.tests.test_p0_p1_features.TestMessageQueue" name="test_mark_user_online" time="0.100" /><testcase classname="backend.tests.test_p0_p1_features.TestMessageQueue" name="test_mark_user_offline" time="0.117" /><testcase classname="backend.tests.test_p0_p1_features.TestMessageQueue" name="test_queue_message" time="0.117" /><testcase classname="backend.tests.test_p0_p1_features.TestMessageQueue" name="test_get_pending_messages" time="0.117" /><testcase classname="backend.tests.test_p0_p1_features.TestOrganizationsRouter" name="test_get_organizations" time="0.117" /><testcase classname="backend.tests.test_p0_p1_features.TestResourcesRouter" name="test_get_resources" time="0.138" /><testcase classname="backend.tests.test_p0_p1_features.TestExistingEndpoints" name="test_cms_pages" time="0.112" /><testcase classname="backend.tests.test_p0_p1_features.TestExistingEndpoints" name="test_auth_login" time="0.335" /><testcase classname="backend.tests.test_p0_p1_features.TestPushTokenEndpoint" name="test_push_token_requires_auth" time="0.000"><skipped type="pytest.skip" message="Push token endpoint not yet integrated - exists in /routers/auth.py but router not included in server.py">/app/backend/tests/test_p0_p1_features.py:335: Push token endpoint not yet integrated - exists in /routers/auth.py but router not included in server.py</skipped></testcase><testcase classname="backend.tests.test_p0_p1_features.TestPushTokenEndpoint" name="test_register_push_token" time="0.000"><skipped type="pytest.skip" message="Push token endpoint not yet integrated - exists in /routers/auth.py but router not included in server.py">/app/backend/tests/test_p0_p1_features.py:346: Push token endpoint not yet integrated - exists in /routers/auth.py but router not included in server.py</skipped></testcase><testcase classname="backend.tests.test_p0_p1_features.TestPushTokenEndpoint" name="test_delete_push_token" time="0.000"><skipped type="pytest.skip" message="Push token endpoint not yet integrated - exists in /routers/auth.py but router not included in server.py">/app/backend/tests/test_p0_p1_features.py:366: Push token endpoint not yet integrated - exists in /routers/auth.py but router not included in server.py</skipped></testcase></testsuite></testsuites>