<?xml version="1.0" encoding="utf-8"?><testsuites name="pytest tests"><testsuite name="pytest" errors="0" failures="0" skipped="0" tests="18" time="5.995" timestamp="2026-03-01T19:03:21.495847+00:00" hostname="agent-env-3af5a65b-90ff-4c1d-8907-7cae6601984e"><testcase classname="tests.test_staff_portal_fixes.TestAuthenticationTokenExtraction" name="test_admin_login_returns_token_field" time="0.511" /><testcase classname="tests.test_staff_portal_fixes.TestAuthenticationTokenExtraction" name="test_staff_login_returns_token_field" time="0.334" /><testcase classname="tests.test_staff_portal_fixes.TestAuthenticationTokenExtraction" name="test_invalid_credentials_returns_401" time="0.147" /><testcase classname="tests.test_staff_portal_fixes.TestCasesAPI" name="test_get_cases_authenticated" time="0.489" /><testcase classname="tests.test_staff_portal_fixes.TestCasesAPI" name="test_get_cases_without_auth_returns_401" time="0.116" /><testcase classname="tests.test_staff_portal_fixes.TestCasesAPI" name="test_cases_morning_queue" time="0.139" /><testcase classname="tests.test_staff_portal_fixes.TestShiftsAPI" name="test_get_shifts" time="0.579" /><testcase classname="tests.test_staff_portal_fixes.TestShiftsAPI" name="test_create_shift_with_user_id_query_param" time="0.391" /><testcase classname="tests.test_staff_portal_fixes.TestShiftsAPI" name="test_get_today_shifts" time="0.105" /><testcase classname="tests.test_staff_portal_fixes.TestCounsellorsStatusAPI" name="test_get_counsellors" time="0.478" /><testcase classname="tests.test_staff_portal_fixes.TestCounsellorsStatusAPI" name="test_update_counsellor_status_available" time="0.273" /><testcase classname="tests.test_staff_portal_fixes.TestCounsellorsStatusAPI" name="test_update_counsellor_status_limited" time="0.107" /><testcase classname="tests.test_staff_portal_fixes.TestCounsellorsStatusAPI" name="test_update_counsellor_status_unavailable" time="0.119" /><testcase classname="tests.test_staff_portal_fixes.TestSafeguardingAlertsAPI" name="test_get_safeguarding_alerts" time="0.445" /><testcase classname="tests.test_staff_portal_fixes.TestSafeguardingAlertsAPI" name="test_safeguarding_alerts_without_auth" time="0.105" /><testcase classname="tests.test_staff_portal_fixes.TestCallbacksAPI" name="test_get_callbacks" time="0.447" /><testcase classname="tests.test_staff_portal_fixes.TestCallbacksAPI" name="test_create_callback" time="0.377" /><testcase classname="tests.test_staff_portal_fixes.TestAPIAuthenticationFlow" name="test_full_auth_flow_admin" time="0.749" /></testsuite></testsuites>