<?xml version="1.0" encoding="utf-8"?><testsuites name="pytest tests"><testsuite name="pytest" errors="0" failures="0" skipped="0" tests="17" time="2.332" timestamp="2026-02-16T11:20:46.415329+00:00" hostname="agent-env-d4569ffd-08f4-4398-9435-c1b305d1e60d"><testcase classname="backend.tests.test_organizations.TestOrganizationsPublicEndpoints" name="test_get_organizations_returns_list" time="0.236" /><testcase classname="backend.tests.test_organizations.TestOrganizationsPublicEndpoints" name="test_organizations_have_correct_structure" time="0.062" /><testcase classname="backend.tests.test_organizations.TestOrganizationsPublicEndpoints" name="test_uk_veteran_organizations_present" time="0.058" /><testcase classname="backend.tests.test_organizations.TestOrganizationsAdminEndpoints" name="test_seed_organizations_requires_auth" time="0.093" /><testcase classname="backend.tests.test_organizations.TestOrganizationsAdminEndpoints" name="test_seed_organizations_with_auth" time="0.358" /><testcase classname="backend.tests.test_organizations.TestOrganizationsAdminEndpoints" name="test_create_organization_requires_auth" time="0.136" /><testcase classname="backend.tests.test_organizations.TestOrganizationsAdminEndpoints" name="test_create_organization_with_auth" time="0.060" /><testcase classname="backend.tests.test_organizations.TestOrganizationsAdminEndpoints" name="test_verify_organization_persisted" time="0.054" /><testcase classname="backend.tests.test_organizations.TestOrganizationsAdminEndpoints" name="test_delete_organization_requires_auth" time="0.115" /><testcase classname="backend.tests.test_organizations.TestOrganizationsAdminEndpoints" name="test_delete_organization_with_auth" time="0.114" /><testcase classname="backend.tests.test_organizations.TestOrganizationsAdminEndpoints" name="test_delete_nonexistent_organization" time="0.125" /><testcase classname="backend.tests.test_organizations.TestAdminAuthentication" name="test_admin_login_success" time="0.296" /><testcase classname="backend.tests.test_organizations.TestAdminAuthentication" name="test_admin_login_wrong_password" time="0.288" /><testcase classname="backend.tests.test_organizations.TestAdminAuthentication" name="test_admin_me_endpoint" time="0.055" /><testcase classname="backend.tests.test_organizations.TestAPIHealthAndBasics" name="test_api_root" time="0.053" /><testcase classname="backend.tests.test_organizations.TestAPIHealthAndBasics" name="test_counsellors_endpoint" time="0.056" /><testcase classname="backend.tests.test_organizations.TestAPIHealthAndBasics" name="test_peer_supporters_endpoint" time="0.105" /></testsuite></testsuites>