<?xml version="1.0" encoding="utf-8"?><testsuites name="pytest tests"><testsuite name="pytest" errors="0" failures="0" skipped="0" tests="15" time="11.842" timestamp="2026-02-17T22:52:19.468438+00:00" hostname="agent-env-ca714f73-4597-4310-9171-cdf48909f1ab"><testcase classname="backend.tests.test_safeguarding.TestHealthAndAuth" name="test_health_check" time="0.418" /><testcase classname="backend.tests.test_safeguarding.TestHealthAndAuth" name="test_admin_login" time="0.389" /><testcase classname="backend.tests.test_safeguarding.TestAIBuddiesCharacters" name="test_get_characters" time="0.228" /><testcase classname="backend.tests.test_safeguarding.TestAIBuddiesChat" name="test_chat_with_tommy" time="1.658" /><testcase classname="backend.tests.test_safeguarding.TestAIBuddiesChat" name="test_chat_with_doris" time="0.907" /><testcase classname="backend.tests.test_safeguarding.TestSafeguardingDetection" name="test_safeguarding_suicide_keyword" time="1.609" /><testcase classname="backend.tests.test_safeguarding.TestSafeguardingDetection" name="test_safeguarding_want_to_die" time="1.819" /><testcase classname="backend.tests.test_safeguarding.TestSafeguardingDetection" name="test_safeguarding_hopeless" time="1.513" /><testcase classname="backend.tests.test_safeguarding.TestSafeguardingDetection" name="test_safeguarding_no_point_living" time="1.216" /><testcase classname="backend.tests.test_safeguarding.TestSafeguardingDetection" name="test_no_safeguarding_normal_message" time="0.989" /><testcase classname="backend.tests.test_safeguarding.TestSafeguardingAlertsAPI" name="test_get_safeguarding_alerts_authenticated" time="0.417" /><testcase classname="backend.tests.test_safeguarding.TestSafeguardingAlertsAPI" name="test_get_safeguarding_alerts_unauthenticated" time="0.146" /><testcase classname="backend.tests.test_safeguarding.TestCounsellorEndpoints" name="test_get_counsellors" time="0.134" /><testcase classname="backend.tests.test_safeguarding.TestCounsellorEndpoints" name="test_get_available_counsellors" time="0.151" /><testcase classname="backend.tests.test_safeguarding.TestOrganizationsEndpoint" name="test_get_organizations" time="0.158" /></testsuite></testsuites>