<?xml version="1.0" encoding="utf-8"?><testsuites name="pytest tests"><testsuite name="pytest" errors="0" failures="0" skipped="0" tests="5" time="0.894" timestamp="2026-03-14T14:07:21.190310+00:00" hostname="agent-env-87074229-8e2b-4ff3-b2d5-9f8d11e2792e"><testcase classname="backend.tests.test_unified_safeguarding_api.TestSafetyDebugEndpoint" name="test_debug_endpoint_returns_status" time="0.288" /><testcase classname="backend.tests.test_unified_safeguarding_api.TestSafetyDebugEndpoint" name="test_phrase_dataset_has_500_plus_phrases" time="0.136" /><testcase classname="backend.tests.test_unified_safeguarding_api.TestSafetyDebugEndpoint" name="test_semantic_model_loaded" time="0.160" /><testcase classname="backend.tests.test_unified_safeguarding_api.TestSafetyDebugEndpoint" name="test_system_operational" time="0.129" /><testcase classname="backend.tests.test_unified_safeguarding_api.TestSafetyDebugEndpoint" name="test_component_weights_configured" time="0.121" /></testsuite></testsuites>