<?xml version="1.0" encoding="utf-8"?><testsuites name="pytest tests"><testsuite name="pytest" errors="0" failures="0" skipped="0" tests="13" time="7.474" timestamp="2026-02-19T12:21:20.772438+00:00" hostname="agent-env-93af76a1-1175-4b14-99ec-63d3b8721326"><testcase classname="backend.tests.test_sip_and_disclaimer.TestSIPExtensionAPIs" name="test_get_sip_extensions_list" time="0.611" /><testcase classname="backend.tests.test_sip_and_disclaimer.TestSIPExtensionAPIs" name="test_create_counsellor_and_assign_sip" time="0.923" /><testcase classname="backend.tests.test_sip_and_disclaimer.TestSIPExtensionAPIs" name="test_create_peer_supporter_and_assign_sip" time="0.922" /><testcase classname="backend.tests.test_sip_and_disclaimer.TestSIPExtensionAPIs" name="test_sip_assign_to_nonexistent_counsellor" time="0.642" /><testcase classname="backend.tests.test_sip_and_disclaimer.TestSIPExtensionAPIs" name="test_sip_assign_to_nonexistent_peer" time="0.500" /><testcase classname="backend.tests.test_sip_and_disclaimer.TestSIPExtensionAPIs" name="test_sip_endpoints_require_admin" time="0.537" /><testcase classname="backend.tests.test_sip_and_disclaimer.TestMigrationScriptExists" name="test_migration_script_exists" time="0.000" /><testcase classname="backend.tests.test_sip_and_disclaimer.TestMigrationScriptExists" name="test_migration_script_has_required_functions" time="0.000" /><testcase classname="backend.tests.test_sip_and_disclaimer.TestMigrationScriptExists" name="test_migration_script_handles_already_encrypted" time="0.000" /><testcase classname="backend.tests.test_sip_and_disclaimer.TestAIChatEndpoints" name="test_ai_buddies_characters_endpoint" time="0.150" /><testcase classname="backend.tests.test_sip_and_disclaimer.TestAIChatEndpoints" name="test_ai_chat_endpoint_exists" time="1.904" /><testcase classname="backend.tests.test_sip_and_disclaimer.TestAdminStatusManagement" name="test_admin_can_update_counsellor_status" time="0.638" /><testcase classname="backend.tests.test_sip_and_disclaimer.TestAdminStatusManagement" name="test_admin_can_update_peer_status" time="0.499" /></testsuite></testsuites>