<?xml version="1.0" encoding="utf-8"?><testsuites name="pytest tests"><testsuite name="pytest" errors="0" failures="4" skipped="1" tests="23" time="7.101" timestamp="2026-02-22T02:02:59.871816+00:00" hostname="agent-env-e7047f27-1f92-425f-bdac-6339f0abc3bf"><testcase classname="backend.tests.test_comprehensive_api.TestAuthEndpoints" name="test_login_admin_success" time="0.517" /><testcase classname="backend.tests.test_comprehensive_api.TestAuthEndpoints" name="test_login_staff_success" time="0.356" /><testcase classname="backend.tests.test_comprehensive_api.TestAuthEndpoints" name="test_login_invalid_credentials" time="0.169" /><testcase classname="backend.tests.test_comprehensive_api.TestAuthEndpoints" name="test_get_me_with_token" time="0.509" /><testcase classname="backend.tests.test_comprehensive_api.TestCMSEndpoints" name="test_get_cms_pages_list" time="0.131" /><testcase classname="backend.tests.test_comprehensive_api.TestCMSEndpoints" name="test_get_home_page_with_sections" time="0.135" /><testcase classname="backend.tests.test_comprehensive_api.TestCMSEndpoints" name="test_get_cms_sections_for_page" time="0.151" /><testcase classname="backend.tests.test_comprehensive_api.TestCMSEndpoints" name="test_cms_sections_reorder_endpoint_exists" time="0.565"><failure message="AssertionError: Reorder endpoint issue: {&quot;detail&quot;:&quot;Section not found&quot;}&#10;assert 404 in [200, 422]&#10; +  where 404 = &lt;Response [404]&gt;.status_code">backend/tests/test_comprehensive_api.py:158: in test_cms_sections_reorder_endpoint_exists
    assert response.status_code in [200, 422], f"Reorder endpoint issue: {response.text}"
E   AssertionError: Reorder endpoint issue: {"detail":"Section not found"}
E   assert 404 in [200, 422]
E    +  where 404 = &lt;Response [404]&gt;.status_code</failure></testcase><testcase classname="backend.tests.test_comprehensive_api.TestBuddyFinderEndpoints" name="test_get_buddy_profiles_list" time="0.148" /><testcase classname="backend.tests.test_comprehensive_api.TestBuddyFinderEndpoints" name="test_get_buddy_inbox_structure" time="0.788"><failure message="AssertionError: Should have unread_count&#10;assert 'unread_count' in {'has_profile': False, 'messages': [], 'profile_id': None}">backend/tests/test_comprehensive_api.py:193: in test_get_buddy_inbox_structure
    assert "unread_count" in data, "Should have unread_count"
E   AssertionError: Should have unread_count
E   assert 'unread_count' in {'has_profile': False, 'messages': [], 'profile_id': None}</failure></testcase><testcase classname="backend.tests.test_comprehensive_api.TestBuddyFinderEndpoints" name="test_get_regions_endpoint" time="0.194" /><testcase classname="backend.tests.test_comprehensive_api.TestBuddyFinderEndpoints" name="test_get_branches_endpoint" time="0.114" /><testcase classname="backend.tests.test_comprehensive_api.TestShiftsEndpoints" name="test_get_shifts_list" time="0.462" /><testcase classname="backend.tests.test_comprehensive_api.TestShiftsEndpoints" name="test_get_today_shifts" time="0.455"><failure message="AssertionError: assert False&#10; +  where False = isinstance({'current_time': '02:03', 'shifts': [], 'someone_on_net': False}, list)">backend/tests/test_comprehensive_api.py:244: in test_get_today_shifts
    assert isinstance(data, list)
E   AssertionError: assert False
E    +  where False = isinstance({'current_time': '02:03', 'shifts': [], 'someone_on_net': False}, list)</failure></testcase><testcase classname="backend.tests.test_comprehensive_api.TestShiftsEndpoints" name="test_shift_crud_operations" time="0.484"><failure message="AssertionError: Created shift should have ID&#10;assert None">backend/tests/test_comprehensive_api.py:268: in test_shift_crud_operations
    assert shift_id, "Created shift should have ID"
E   AssertionError: Created shift should have ID
E   assert None</failure></testcase><testcase classname="backend.tests.test_comprehensive_api.TestAIBuddiesEndpoints" name="test_get_ai_characters_list" time="0.123" /><testcase classname="backend.tests.test_comprehensive_api.TestAIBuddiesEndpoints" name="test_hugo_character_recognized" time="0.147" /><testcase classname="backend.tests.test_comprehensive_api.TestAIBuddiesEndpoints" name="test_hugo_chat_if_enabled" time="0.157"><skipped type="pytest.skip" message="Server gateway error: 520">/app/backend/tests/test_comprehensive_api.py:352: Server gateway error: 520</skipped></testcase><testcase classname="backend.tests.test_comprehensive_api.TestCallLogsEndpoints" name="test_get_call_logs_metrics" time="0.497" /><testcase classname="backend.tests.test_comprehensive_api.TestCallLogsEndpoints" name="test_call_logs_day_filter" time="0.456" /><testcase classname="backend.tests.test_comprehensive_api.TestCallLogsEndpoints" name="test_post_call_intent_public" time="0.117" /><testcase classname="backend.tests.test_comprehensive_api.TestHealthAndStatus" name="test_api_health" time="0.116" /><testcase classname="backend.tests.test_comprehensive_api.TestHealthAndStatus" name="test_auth_endpoint_available" time="0.165" /></testsuite></testsuites>