<?xml version="1.0" encoding="utf-8"?><testsuites name="pytest tests"><testsuite name="pytest" errors="0" failures="0" skipped="0" tests="8" time="1.569" timestamp="2026-02-22T00:00:23.760264+00:00" hostname="agent-env-7eb90bbc-f941-4fce-bec3-c687be4a1f19"><testcase classname="backend.tests.test_shifts_api.TestShiftsGetEndpoint" name="test_get_shifts_returns_list" time="0.552" /><testcase classname="backend.tests.test_shifts_api.TestShiftsGetEndpoint" name="test_get_shifts_with_date_filter" time="0.081" /><testcase classname="backend.tests.test_shifts_api.TestShiftsPostEndpoint" name="test_post_shift_without_auth_returns_401" time="0.071" /><testcase classname="backend.tests.test_shifts_api.TestShiftsPostEndpoint" name="test_post_shift_with_auth_creates_shift" time="0.071" /><testcase classname="backend.tests.test_shifts_api.TestShiftsDeleteEndpoint" name="test_delete_shift_without_auth_returns_401" time="0.116" /><testcase classname="backend.tests.test_shifts_api.TestShiftsDeleteEndpoint" name="test_delete_own_shift_succeeds" time="0.222" /><testcase classname="backend.tests.test_shifts_api.TestShiftsTodayEndpoint" name="test_get_todays_shifts" time="0.062" /><testcase classname="backend.tests.test_shifts_api.TestExistingTestShift" name="test_february_25_shift_exists" time="0.325" /></testsuite></testsuites>