<?xml version="1.0" encoding="utf-8"?><testsuites name="pytest tests"><testsuite name="pytest" errors="0" failures="0" skipped="0" tests="18" time="3.967" timestamp="2026-03-08T21:51:51.002008+00:00" hostname="agent-env-a307cd80-75a6-4863-973b-93fc618a6f0a"><testcase classname="backend.tests.test_lms_learner_auth.TestLMSLearnerAuthentication" name="test_learner_login_success" time="0.437" /><testcase classname="backend.tests.test_lms_learner_auth.TestLMSLearnerAuthentication" name="test_learner_login_invalid_credentials" time="0.395" /><testcase classname="backend.tests.test_lms_learner_auth.TestLMSLearnerAuthentication" name="test_learner_login_nonexistent_user" time="0.121" /><testcase classname="backend.tests.test_lms_learner_auth.TestLMSLearnerAuthentication" name="test_learner_login_empty_fields" time="0.530" /><testcase classname="backend.tests.test_lms_learner_auth.TestLMSSetPassword" name="test_set_password_nonexistent_user" time="0.149" /><testcase classname="backend.tests.test_lms_learner_auth.TestLMSSetPassword" name="test_set_password_mismatch" time="0.167" /><testcase classname="backend.tests.test_lms_learner_auth.TestLMSSetPassword" name="test_set_password_too_short" time="0.122" /><testcase classname="backend.tests.test_lms_learner_auth.TestLMSSetPassword" name="test_set_password_already_set_user" time="0.120" /><testcase classname="backend.tests.test_lms_learner_auth.TestLMSAdminModuleEndpoint" name="test_get_admin_module_with_quiz" time="0.122" /><testcase classname="backend.tests.test_lms_learner_auth.TestLMSAdminModuleEndpoint" name="test_get_admin_module_with_image" time="0.124" /><testcase classname="backend.tests.test_lms_learner_auth.TestLMSAdminModuleEndpoint" name="test_get_admin_module_not_found" time="0.143" /><testcase classname="backend.tests.test_lms_learner_auth.TestLMSAdminModuleEndpoint" name="test_get_admin_module_critical_module" time="0.124" /><testcase classname="backend.tests.test_lms_learner_auth.TestLMSModuleImages" name="test_module_endpoint_returns_image" time="0.576" /><testcase classname="backend.tests.test_lms_learner_auth.TestLMSLearnerProgress" name="test_get_learner_progress" time="0.147" /><testcase classname="backend.tests.test_lms_learner_auth.TestLMSLearnerProgress" name="test_get_learner_progress_not_found" time="0.115" /><testcase classname="backend.tests.test_lms_learner_auth.TestLMSCourseInfo" name="test_get_course_info" time="0.152" /><testcase classname="backend.tests.test_lms_learner_auth.TestLMSPortalAccess" name="test_learner_portal_loads" time="0.142" /><testcase classname="backend.tests.test_lms_learner_auth.TestLMSPortalAccess" name="test_admin_portal_loads" time="0.158" /></testsuite></testsuites>